[debug] [2023-02-08T09:10:36.980Z] ----------------------------------------------------------------------
[debug] [2023-02-08T09:10:36.983Z] Command:       C:\Program Files\nodejs\node.exe C:\Users\HP\AppData\Roaming\npm\node_modules\firebase-tools\lib\bin\firebase.js emulators:start --inspect-functions --import=../functions/dir
[debug] [2023-02-08T09:10:36.983Z] CLI Version:   8.12.1
[debug] [2023-02-08T09:10:36.983Z] Platform:      win32
[debug] [2023-02-08T09:10:36.983Z] Node Version:  v14.21.2
[debug] [2023-02-08T09:10:36.984Z] Time:          Wed Feb 08 2023 14:40:36 GMT+0530 (India Standard Time)
[debug] [2023-02-08T09:10:36.984Z] ----------------------------------------------------------------------
[debug] [2023-02-08T09:10:36.984Z] 
[debug] [2023-02-08T09:10:36.992Z] > command requires scopes: ["email","openid","https://www.googleapis.com/auth/cloudplatformprojects.readonly","https://www.googleapis.com/auth/firebase","https://www.googleapis.com/auth/cloud-platform"]
[debug] [2023-02-08T09:10:36.995Z] > authorizing via signed-in user
[info] i  emulators: Starting emulators: functions, firestore, hosting, pubsub {"metadata":{"emulator":{"name":"hub"},"message":"Starting emulators: functions, firestore, hosting, pubsub"}}
[debug] [2023-02-08T09:10:37.028Z] [hub] writing locator at C:\Users\HP\AppData\Local\Temp\hub-coinparliament-51ae1.json
[warn] !  functions: You are running the functions emulator in debug mode (port=9229). This means that functions will execute in sequence rather than in parallel. {"metadata":{"emulator":{"name":"functions"},"message":"You are running the functions emulator in debug mode (port=9229). This means that functions will execute in sequence rather than in parallel."}}
[warn] !  functions: The following emulators are not running, calls to these services from the Functions emulator will affect production: auth, database {"metadata":{"emulator":{"name":"functions"},"message":"The following emulators are not running, calls to these services from the Functions emulator will affect production: \u001b[1mauth, database\u001b[22m"}}
[info] +  functions: Using node@14 from host. {"metadata":{"emulator":{"name":"functions"},"message":"Using node@14 from host."}}
[debug] [2023-02-08T09:10:37.060Z] defaultcredentials: writing to file C:\Users\HP\AppData\Roaming\firebase\mukut_inheritx_com_application_default_credentials.json
[debug] [2023-02-08T09:10:37.061Z] Setting GAC to C:\Users\HP\AppData\Roaming\firebase\mukut_inheritx_com_application_default_credentials.json {"metadata":{"emulator":{"name":"functions"},"message":"Setting GAC to C:\\Users\\HP\\AppData\\Roaming\\firebase\\mukut_inheritx_com_application_default_credentials.json"}}
[info] i  firestore: Importing data from C:\Documents\Confidentials\NativeProjects\Inheritex\coin_parliament\functions\dir\firestore_export\firestore_export.overall_export_metadata {"metadata":{"emulator":{"name":"firestore"},"message":"Importing data from C:\\Documents\\Confidentials\\NativeProjects\\Inheritex\\coin_parliament\\functions\\dir\\firestore_export\\firestore_export.overall_export_metadata"}}
[debug] [2023-02-08T09:10:37.337Z] Ignoring unsupported arg: projectId {"metadata":{"emulator":{"name":"firestore"},"message":"Ignoring unsupported arg: projectId"}}
[debug] [2023-02-08T09:10:37.338Z] Ignoring unsupported arg: auto_download {"metadata":{"emulator":{"name":"firestore"},"message":"Ignoring unsupported arg: auto_download"}}
[debug] [2023-02-08T09:10:37.338Z] Starting Firestore Emulator with command {"binary":"java","args":["-Duser.language=en","-jar","C:\\Users\\HP\\.cache\\firebase\\emulators\\cloud-firestore-emulator-v1.11.7.jar","--host","localhost","--port",8080,"--seed_from_export","C:\\Documents\\Confidentials\\NativeProjects\\Inheritex\\coin_parliament\\functions\\dir\\firestore_export\\firestore_export.overall_export_metadata","--rules","C:\\Documents\\Confidentials\\NativeProjects\\Inheritex\\coin_parliament\\firestore.rules","--functions_emulator","localhost:5001"],"optionalArgs":["port","webchannel_port","host","rules","functions_emulator","seed_from_export"],"joinArgs":false} {"metadata":{"emulator":{"name":"firestore"},"message":"Starting Firestore Emulator with command {\"binary\":\"java\",\"args\":[\"-Duser.language=en\",\"-jar\",\"C:\\\\Users\\\\HP\\\\.cache\\\\firebase\\\\emulators\\\\cloud-firestore-emulator-v1.11.7.jar\",\"--host\",\"localhost\",\"--port\",8080,\"--seed_from_export\",\"C:\\\\Documents\\\\Confidentials\\\\NativeProjects\\\\Inheritex\\\\coin_parliament\\\\functions\\\\dir\\\\firestore_export\\\\firestore_export.overall_export_metadata\",\"--rules\",\"C:\\\\Documents\\\\Confidentials\\\\NativeProjects\\\\Inheritex\\\\coin_parliament\\\\firestore.rules\",\"--functions_emulator\",\"localhost:5001\"],\"optionalArgs\":[\"port\",\"webchannel_port\",\"host\",\"rules\",\"functions_emulator\",\"seed_from_export\"],\"joinArgs\":false}"}}
[info] i  firestore: Firestore Emulator logging to firestore-debug.log {"metadata":{"emulator":{"name":"firestore"},"message":"Firestore Emulator logging to \u001b[1mfirestore-debug.log\u001b[22m"}}
